2025-11-20 13:52:08,286 WARN  [io.qua.config] (Quarkus Main Thread) Unrecognized configuration key "quarkus.log.category."org.jooq.tools.LoggerListener".additivity" was provided; it will be ignored; verify that the dependency extension for this configuration is set or that you did not make a typo
2025-11-20 13:52:08,288 WARN  [io.qua.config] (Quarkus Main Thread) The "quarkus.log.file.enable" config property is deprecated and should not be used anymore.
2025-11-20 13:52:08,288 WARN  [io.qua.config] (Quarkus Main Thread) The "quarkus.log.console.enable" config property is deprecated and should not be used anymore.
2025-11-20 13:52:08,529 INFO  [io.qua.sch.run.SimpleScheduler] (Quarkus Main Thread) No scheduled business methods found - Simple scheduler will not be started
2025-11-20 13:52:08,537 INFO  [mn.uni.cam.con.Service] (Quarkus Main Thread) Initialising core service configuration. Directory=C:\Users\Bilguun\IdeaProjects\promo-toki-mobile-ny-2025\config, Environment=dev
2025-11-20 13:52:08,563 INFO  [mn.uni.cam.con.Service] (Quarkus Main Thread) Loaded 13 database configuration(s)
2025-11-20 13:52:08,564 INFO  [mn.uni.cam.con.Service] (Quarkus Main Thread) 
______ _____ _   _ _____ _     ______________  ___ _____ _   _ _____ 
|  _  \  ___| | | |  ___| |   |  _  | ___ \  \/  ||  ___| \ | |_   _|
| | | | |__ | | | | |__ | |   | | | | |_/ / .  . || |__ |  \| | | |  
| | | |  __|| | | |  __|| |   | | | |  __/| |\/| ||  __|| . ` | | |  
| |/ /| |___\ \_/ / |___| |___\ \_/ / |   | |  | || |___| |\  | | |  
|___/ \____/ \___/\____/\_____/\___/\_|   \_|  |_/\____/\_| \_/ \_/  

2025-11-20 13:52:08,566 INFO  [mn.uni.cam.Utils] (Quarkus Main Thread) 
2025-11-20 13:52:08,581 ERROR [io.qua.run.Application] (Quarkus Main Thread) Failed to start application: java.lang.RuntimeException: Failed to start quarkus
	at io.quarkus.runner.ApplicationImpl.doStart(Unknown Source)
	at io.quarkus.runtime.Application.start(Application.java:101)
	at io.quarkus.runtime.ApplicationLifecycleManager.run(ApplicationLifecycleManager.java:119)
	at io.quarkus.runtime.Quarkus.run(Quarkus.java:80)
	at io.quarkus.runtime.Quarkus.run(Quarkus.java:51)
	at io.quarkus.runtime.Quarkus.run(Quarkus.java:144)
	at io.quarkus.runner.GeneratedMain.main(Unknown Source)
	at java.base/jdk.internal.reflect.NativeMethodAccessorImpl.invoke0(Native Method)
	at java.base/jdk.internal.reflect.NativeMethodAccessorImpl.invoke(NativeMethodAccessorImpl.java:77)
	at java.base/jdk.internal.reflect.DelegatingMethodAccessorImpl.invoke(DelegatingMethodAccessorImpl.java:43)
	at java.base/java.lang.reflect.Method.invoke(Method.java:569)
	at io.quarkus.runner.bootstrap.StartupActionImpl$1.run(StartupActionImpl.java:136)
	at java.base/java.lang.Thread.run(Thread.java:840)
Caused by: org.json.JSONException: A JSONObject text must begin with '{' at 0 [character 1 line 1]
	at org.json.JSONTokener.syntaxError(JSONTokener.java:568)
	at org.json.JSONObject.<init>(JSONObject.java:220)
	at org.json.JSONObject.<init>(JSONObject.java:469)
	at org.json.JSONObject.<init>(JSONObject.java:451)
	at mn.unitel.campaign.Utils.fileToJson(Utils.java:251)
	at mn.unitel.campaign.legacy.StartupService.onStart(StartupService.java:55)
	at mn.unitel.campaign.legacy.StartupService_Observer_onStart_dfvtXYcOoykgb4orCM0zUAKAPV8.notify(Unknown Source)
	at io.quarkus.arc.impl.EventImpl$Notifier.notifyObservers(EventImpl.java:365)
	at io.quarkus.arc.impl.EventImpl$Notifier.notify(EventImpl.java:347)
	at io.quarkus.arc.impl.EventImpl.fire(EventImpl.java:81)
	at io.quarkus.arc.runtime.ArcRecorder.fireLifecycleEvent(ArcRecorder.java:163)
	at io.quarkus.arc.runtime.ArcRecorder.handleLifecycleEvents(ArcRecorder.java:114)
	at io.quarkus.runner.recorded.LifecycleEventsBuildStep$startupEvent1144526294.deploy_0(Unknown Source)
	at io.quarkus.runner.recorded.LifecycleEventsBuildStep$startupEvent1144526294.deploy(Unknown Source)
	... 13 more

2025-11-20 13:52:08,599 WARN  [io.qua.config] (main) Unrecognized configuration key "quarkus.log.category."org.jooq.tools.LoggerListener".additivity" was provided; it will be ignored; verify that the dependency extension for this configuration is set or that you did not make a typo
2025-11-20 13:52:08,600 INFO  [io.qua.dep.dev.IsolatedDevModeMain] (main) Attempting to start live reload endpoint to recover from previous Quarkus startup failure
